<?xml version="1.0" encoding="UTF-8"?>
<testng-results ignored="0" total="1" passed="1" failed="0" skipped="0">
  <reporter-output>
  </reporter-output>
  <suite started-at="2022-11-03T10:04:52Z" name="Default suite" finished-at="2022-11-03T10:05:32Z" duration-ms="40075">
    <groups>
    </groups>
    <test started-at="2022-11-03T10:04:52Z" name="Default test" finished-at="2022-11-03T10:05:32Z" duration-ms="40075">
      <class name="com.FlipCard.TestClasses.LoginPageTestClass">
        <test-method signature="loginPageMethod()[pri:0, instance:com.FlipCard.TestClasses.LoginPageTestClass@48793bef]" started-at="2022-11-03T10:04:52Z" name="loginPageMethod" finished-at="2022-11-03T10:05:32Z" duration-ms="40060" status="PASS">
          <reporter-output>
          </reporter-output>
        </test-method> <!-- loginPageMethod -->
      </class> <!-- com.FlipCard.TestClasses.LoginPageTestClass -->
    </test> <!-- Default test -->
  </suite> <!-- Default suite -->
</testng-results>
